<?xml version="1.0" encoding="UTF-8"?>
<!-- Generated by org.testng.reporters.JUnitReportReporter -->
<testsuite skipped="0" hostname="ajitbiswas-laptop" name="scripts.JavascriptExecutorDemo" tests="1" failures="0" timestamp="09 Jun 2018 03:54:55 GMT" time="18.819" errors="0">
  <testcase name="executeJavaScript" time="18.819" classname="scripts.JavascriptExecutorDemo"/>
</testsuite> <!-- scripts.JavascriptExecutorDemo -->
