<?xml version="1.0" encoding="UTF-8"?>
<!-- Generated by org.testng.reporters.JUnitReportReporter -->
<testsuite skipped="0" hostname="ajitbiswas-laptop" name="scripts.TestInvalidLogin" tests="1" failures="0" timestamp="09 Jun 2018 05:35:25 GMT" time="27.567" errors="0">
  <testcase name="testInvalidLogin" time="27.567" classname="scripts.TestInvalidLogin"/>
</testsuite> <!-- scripts.TestInvalidLogin -->
